   ------------------------------------------------------------------
  | Welcome to ROOT 6.20/02                        https://root.cern |
  | (c) 1995-2020, The ROOT Team; conception: R. Brun, F. Rademakers |
  | Built for linuxx8664gcc on Mar 15 2020, 15:25:34                 |
  | From tags/v6-20-02@v6-20-02                                      |
  | Try '.help', '.demo', '.license', '.credits', '.quit'/'.q'       |
   ------------------------------------------------------------------


Processing cut_output_ROI.C...
[Info] Processing /home/data/output9154480.root
[Info] original entries: 1997307, ROI entries: 71783, perc cut: 0.96406 %

[Info] Processing /home/data/output9201159.root
[Info] original entries: 1840680, ROI entries: 74540, perc cut: 0.959504 %

[Info] Processing /home/data/output9237625.root
[Info] original entries: 2495667, ROI entries: 75341, perc cut: 0.969811 %

[Info] Processing /home/data/output9264894.root
[Info] original entries: 3725409, ROI entries: 81129, perc cut: 0.978223 %

[Info] Processing /home/data/output9154480.root
[Info] original entries: 1997307, ROI entries: 71783, perc cut: 0.96406 %

[Info] Processing /home/data/output9201159.root
[Info] original entries: 1840680, ROI entries: 74540, perc cut: 0.959504 %

[Info] Processing /home/data/output9237625.root
[Info] original entries: 2495667, ROI entries: 75341, perc cut: 0.969811 %

[Info] Processing /home/data/output9264894.root
[Info] original entries: 3725409, ROI entries: 81129, perc cut: 0.978223 %

[Info] Processing /home/data/output9492640.root
[Info] original entries: 1883279, ROI entries: 55169, perc cut: 0.970706 %

[Info] Processing /home/data/output9497901.root
[Info] original entries: 1767088, ROI entries: 41742, perc cut: 0.976378 %

[Info] Processing /home/data/output957166.root
[Info] original entries: 2490254, ROI entries: 88673, perc cut: 0.964392 %

[Info] Processing /home/data/output9603893.root
[Info] original entries: 1802082, ROI entries: 45758, perc cut: 0.974608 %

[Info] Processing /home/data/output9963216.root
[Info] original entries: 1497268, ROI entries: 68863, perc cut: 0.954008 %

[Info] Processing /home/data/output8034984.root
[Info] original entries: 2339175, ROI entries: 57356, perc cut: 0.97548 %

[Info] Processing /home/data/output8055068.root
[Info] original entries: 1703592, ROI entries: 37279, perc cut: 0.978117 %

[Info] Processing /home/data/output8055189.root
[Info] original entries: 1617472, ROI entries: 114831, perc cut: 0.929006 %

[Info] Processing /home/data/output8093242.root
[Info] original entries: 2235856, ROI entries: 130091, perc cut: 0.941816 %

[Info] Processing /home/data/output81817.root
[Info] original entries: 1500968, ROI entries: 47131, perc cut: 0.9686 %

[Info] Processing /home/data/output8267722.root
[Info] original entries: 1669909, ROI entries: 91173, perc cut: 0.945402 %

[Info] Processing /home/data/output8269501.root
[Info] original entries: 2167068, ROI entries: 124720, perc cut: 0.942448 %

[Info] Processing /home/data/output8940862.root
[Info] original entries: 3996291, ROI entries: 147225, perc cut: 0.96316 %

[Info] Processing /home/data/output7019934.root
[Info] original entries: 3294112, ROI entries: 66926, perc cut: 0.979683 %

[Info] Processing /home/data/output7123783.root
[Info] original entries: 1998397, ROI entries: 75651, perc cut: 0.962144 %

[Info] Processing /home/data/output715176.root
[Info] original entries: 3833238, ROI entries: 84023, perc cut: 0.97808 %

[Info] Processing /home/data/output745621.root
[Info] original entries: 1513379, ROI entries: 49351, perc cut: 0.96739 %

[Info] Processing /home/data/output7638063.root
[Info] original entries: 1968434, ROI entries: 86903, perc cut: 0.955852 %

[Info] Processing /home/data/output7833760.root
[Info] original entries: 2135655, ROI entries: 51910, perc cut: 0.975694 %

[Info] Processing /home/data/output7884569.root
[Info] original entries: 2055967, ROI entries: 89492, perc cut: 0.956472 %

[Info] Processing /home/data/output6076677.root
[Info] original entries: 1868792, ROI entries: 79704, perc cut: 0.95735 %

[Info] Processing /home/data/output6245843.root
[Info] original entries: 2270227, ROI entries: 60634, perc cut: 0.973292 %

[Info] Processing /home/data/output6405343.root
[Info] original entries: 2378499, ROI entries: 101516, perc cut: 0.957319 %

[Info] Processing /home/data/output6415278.root
[Info] original entries: 2148425, ROI entries: 56155, perc cut: 0.973862 %

[Info] Processing /home/data/output6538014.root
[Info] original entries: 2538943, ROI entries: 81353, perc cut: 0.967958 %

[Info] Processing /home/data/output6599429.root
[Info] original entries: 1564349, ROI entries: 58237, perc cut: 0.962772 %

[Info] Processing /home/data/output6629454.root
[Info] original entries: 2331120, ROI entries: 79898, perc cut: 0.965725 %

[Info] Processing /home/data/output6697129.root
[Info] original entries: 2325249, ROI entries: 50972, perc cut: 0.978079 %

[Info] Processing /home/data/output6803168.root
[Info] original entries: 3554356, ROI entries: 75258, perc cut: 0.978827 %

[Info] Processing /home/data/output5039108.root
[Info] original entries: 1915547, ROI entries: 113244, perc cut: 0.940882 %

[Info] Processing /home/data/output510370.root
[Info] original entries: 2837952, ROI entries: 132359, perc cut: 0.953361 %

[Info] Processing /home/data/output5424939.root
[Info] original entries: 1867944, ROI entries: 100592, perc cut: 0.946148 %

[Info] Processing /home/data/output5466947.root
[Info] original entries: 2111679, ROI entries: 94579, perc cut: 0.955211 %

[Info] Processing /home/data/output5785455.root
[Info] original entries: 1514266, ROI entries: 65573, perc cut: 0.956697 %

[Info] Processing /home/data/output4364462.root
[Info] original entries: 2513421, ROI entries: 112610, perc cut: 0.955197 %

[Info] Processing /home/data/output438640.root
[Info] original entries: 1883761, ROI entries: 84760, perc cut: 0.955005 %

[Info] Processing /home/data/output4593666.root
[Info] original entries: 1509913, ROI entries: 60855, perc cut: 0.959696 %

[Info] Processing /home/data/output4716675.root
[Info] original entries: 2348155, ROI entries: 126171, perc cut: 0.946268 %

[Info] Processing /home/data/output4803163.root
[Info] original entries: 1539890, ROI entries: 103568, perc cut: 0.932743 %

[Info] Processing /home/data/output3011281.root
[Info] original entries: 4017986, ROI entries: 619743, perc cut: 0.845758 %

[Info] Processing /home/data/output3091174.root
[Info] original entries: 3456445, ROI entries: 103578, perc cut: 0.970033 %

[Info] Processing /home/data/output3167601.root
[Info] original entries: 4173840, ROI entries: 41351, perc cut: 0.990093 %

[Info] Processing /home/data/output3177618.root
[Info] original entries: 7526045, ROI entries: 125865, perc cut: 0.983276 %

[Info] Processing /home/data/output3273623.root
[Info] original entries: 3091670, ROI entries: 125189, perc cut: 0.959508 %

[Info] Processing /home/data/output3544881.root
[Info] original entries: 1445200, ROI entries: 53427, perc cut: 0.963031 %

[Info] Processing /home/data/output3654899.root
[Info] original entries: 1871138, ROI entries: 59373, perc cut: 0.968269 %

[Info] Processing /home/data/output3893428.root
[Info] original entries: 1854271, ROI entries: 55988, perc cut: 0.969806 %

[Info] Processing /home/data/output2084087.root
[Info] original entries: 2878180, ROI entries: 61959, perc cut: 0.978473 %

[Info] Processing /home/data/output2343966.root
[Info] original entries: 2302778, ROI entries: 61957, perc cut: 0.973095 %

[Info] Processing /home/data/output2486335.root
[Info] original entries: 2270732, ROI entries: 57992, perc cut: 0.974461 %

[Info] Processing /home/data/output258224.root
[Info] original entries: 1712495, ROI entries: 69511, perc cut: 0.95941 %

[Info] Processing /home/data/output2768010.root
[Info] original entries: 1674953, ROI entries: 68171, perc cut: 0.9593 %

[Info] Processing /home/data/output2809181.root
[Info] original entries: 1472283, ROI entries: 73249, perc cut: 0.950248 %

[Info] Processing /home/data/output2961778.root
[Info] original entries: 1712574, ROI entries: 68628, perc cut: 0.959927 %

[Info] Processing /home/data/output2967776.root
[Info] original entries: 1915921, ROI entries: 67758, perc cut: 0.964634 %

[Info] Processing /home/data/output10237333.root
[Info] original entries: 1683732, ROI entries: 64055, perc cut: 0.961957 %

[Info] Processing /home/data/output10241122.root
[Info] original entries: 1643068, ROI entries: 55974, perc cut: 0.965933 %

[Info] Processing /home/data/output10261576.root
[Info] original entries: 1688599, ROI entries: 80338, perc cut: 0.952423 %

[Info] Processing /home/data/output1028372.root
[Info] original entries: 2653301, ROI entries: 77864, perc cut: 0.970654 %

[Info] Processing /home/data/output10320384.root
[Info] original entries: 3203464, ROI entries: 124162, perc cut: 0.961241 %

[Info] Processing /home/data/output10554813.root
[Info] original entries: 3987544, ROI entries: 53765, perc cut: 0.986517 %

[Info] Processing /home/data/output1084092.root
[Info] original entries: 1885598, ROI entries: 82577, perc cut: 0.956206 %

[Info] Processing /home/data/output11125113.root
[Info] original entries: 4820996, ROI entries: 144689, perc cut: 0.969988 %

[Info] Processing /home/data/output11435962.root
[Info] original entries: 2209694, ROI entries: 116082, perc cut: 0.947467 %

[Info] Processing /home/data/output11882717.root
[Info] original entries: 2788352, ROI entries: 41415, perc cut: 0.985147 %

[Info] Processing /home/data/output11934286.root
[Info] original entries: 4321638, ROI entries: 102542, perc cut: 0.976272 %

[Info] Processing /home/data/output11956205.root
[Info] original entries: 6930494, ROI entries: 124423, perc cut: 0.982047 %

[Info] Processing /home/data/output12114389.root
[Info] original entries: 1848301, ROI entries: 99494, perc cut: 0.94617 %

[Info] Processing /home/data/output12716477.root
[Info] original entries: 2481950, ROI entries: 204912, perc cut: 0.917439 %

[Info] Processing /home/data/output12733480.root
[Info] original entries: 1405046, ROI entries: 43637, perc cut: 0.968943 %

[Info] Processing /home/data/output12833847.root
[Info] original entries: 1803756, ROI entries: 204237, perc cut: 0.886771 %

[Info] Processing /home/data/output12962181.root
[Info] original entries: 2116225, ROI entries: 118213, perc cut: 0.94414 %

[Info] Processing /home/data/output13349067.root
[Info] original entries: 1550800, ROI entries: 54183, perc cut: 0.965061 %

[Info] Processing /home/data/output13450268.root
[Info] original entries: 2004427, ROI entries: 100631, perc cut: 0.949796 %

[Info] Processing /home/data/output13507823.root
[Info] original entries: 2759402, ROI entries: 72347, perc cut: 0.973782 %

[Info] Processing /home/data/output13632547.root
[Info] original entries: 2809287, ROI entries: 92287, perc cut: 0.967149 %

[Info] Processing /home/data/output13799245.root
[Info] original entries: 2863128, ROI entries: 78518, perc cut: 0.972576 %

[Info] Processing /home/data/output13957765.root
[Info] original entries: 2054233, ROI entries: 114808, perc cut: 0.944112 %

[Info] Processing /home/data/output14131170.root
[Info] original entries: 2351522, ROI entries: 53275, perc cut: 0.977344 %

[Info] Processing /home/data/output14210300.root
[Info] original entries: 2584226, ROI entries: 88089, perc cut: 0.965913 %

[Info] Processing /home/data/output14217299.root
[Info] original entries: 2447916, ROI entries: 158943, perc cut: 0.93507 %

[Info] Processing /home/data/output14609071.root
[Info] original entries: 1961105, ROI entries: 109306, perc cut: 0.944263 %

[Info] Processing /home/data/output14619991.root
[Info] original entries: 1891303, ROI entries: 54198, perc cut: 0.971344 %

[Info] Processing /home/data/output14930698.root
[Info] original entries: 1792707, ROI entries: 247071, perc cut: 0.86218 %

[Info] Processing /home/data/output1498174.root
[Info] original entries: 2654779, ROI entries: 75300, perc cut: 0.971636 %

[Info] Processing /home/data/output15052895.root
[Info] original entries: 1937154, ROI entries: 68649, perc cut: 0.964562 %

[Info] Processing /home/data/output15113141.root
[Info] original entries: 2216162, ROI entries: 115655, perc cut: 0.947813 %

[Info] Processing /home/data/output1520879.root
[Info] original entries: 1310685, ROI entries: 40498, perc cut: 0.969102 %

[Info] Processing /home/data/output15223297.root
[Info] original entries: 2267074, ROI entries: 71573, perc cut: 0.968429 %

[Info] Processing /home/data/output15742147.root
[Info] original entries: 2418372, ROI entries: 253003, perc cut: 0.895383 %

[Info] Processing /home/data/output1627816.root
[Info] original entries: 2284565, ROI entries: 140158, perc cut: 0.93865 %

[Info] Processing /home/data/output16387778.root
[Info] original entries: 2452584, ROI entries: 89127, perc cut: 0.96366 %

[Info] Processing /home/data/output16394051.root
[Info] original entries: 2303278, ROI entries: 71819, perc cut: 0.968819 %

[Info] Processing /home/data/output166450.root
[Info] original entries: 1793769, ROI entries: 113834, perc cut: 0.936539 %

[Info] Processing /home/data/output16656753.root
[Info] original entries: 2923495, ROI entries: 45325, perc cut: 0.984496 %

[Info] Processing /home/data/output1945722.root
[Info] original entries: 2292622, ROI entries: 68399, perc cut: 0.970166 %

[0mroot [1] 
[0m[0mroot [1] [0m